Analysis & Synthesis report for gen
Mon Jan 24 22:32:07 2022
Quartus Prime Version 18.1.0 Build 625 09/12/2018 SJ Lite Edition


---------------------
; Table of Contents ;
---------------------
  1. Legal Notice
  2. Analysis & Synthesis Summary
  3. Analysis & Synthesis Settings
  4. Parallel Compilation
  5. Analysis & Synthesis Source Files Read
  6. Analysis & Synthesis Resource Usage Summary
  7. Analysis & Synthesis Resource Utilization by Entity
  8. Analysis & Synthesis RAM Summary
  9. Analysis & Synthesis IP Cores Summary
 10. Registers Removed During Synthesis
 11. General Register Statistics
 12. Source assignments for sine_rom:sine_rom_inst|altsyncram:altsyncram_component|altsyncram_c691:auto_generated
 13. Parameter Settings for User Entity Instance: Top-level Entity: |gen
 14. Parameter Settings for User Entity Instance: phacc:phacc_inst
 15. Parameter Settings for User Entity Instance: sine_rom:sine_rom_inst|altsyncram:altsyncram_component
 16. altsyncram Parameter Settings by Entity Instance
 17. Post-Synthesis Netlist Statistics for Top Partition
 18. Elapsed Time Per Partition
 19. Analysis & Synthesis Messages
 20. Analysis & Synthesis Suppressed Messages



----------------
; Legal Notice ;
----------------
Copyright (C) 2018  Intel Corporation. All rights reserved.
Your use of Intel Corporation's design tools, logic functions 
and other software and tools, and its AMPP partner logic 
functions, and any output files from any of the foregoing 
(including device programming or simulation files), and any 
associated documentation or information are expressly subject 
to the terms and conditions of the Intel Program License 
Subscription Agreement, the Intel Quartus Prime License Agreement,
the Intel FPGA IP License Agreement, or other applicable license
agreement, including, without limitation, that your use is for
the sole purpose of programming logic devices manufactured by
Intel and sold by Intel or its authorized distributors.  Please
refer to the applicable agreement for further details.



+----------------------------------------------------------------------------------+
; Analysis & Synthesis Summary                                                     ;
+------------------------------------+---------------------------------------------+
; Analysis & Synthesis Status        ; Successful - Mon Jan 24 22:32:07 2022       ;
; Quartus Prime Version              ; 18.1.0 Build 625 09/12/2018 SJ Lite Edition ;
; Revision Name                      ; gen                                         ;
; Top-level Entity Name              ; gen                                         ;
; Family                             ; Cyclone IV E                                ;
; Total logic elements               ; 64                                          ;
;     Total combinational functions  ; 39                                          ;
;     Dedicated logic registers      ; 49                                          ;
; Total registers                    ; 49                                          ;
; Total pins                         ; 36                                          ;
; Total virtual pins                 ; 0                                           ;
; Total memory bits                  ; 2,048                                       ;
; Embedded Multiplier 9-bit elements ; 0                                           ;
; Total PLLs                         ; 0                                           ;
+------------------------------------+---------------------------------------------+


+------------------------------------------------------------------------------------------------------------+
; Analysis & Synthesis Settings                                                                              ;
+------------------------------------------------------------------+--------------------+--------------------+
; Option                                                           ; Setting            ; Default Value      ;
+------------------------------------------------------------------+--------------------+--------------------+
; Device                                                           ; EP4CE115F29C7      ;                    ;
; Top-level entity name                                            ; gen                ; gen                ;
; Family name                                                      ; Cyclone IV E       ; Cyclone V          ;
; Use smart compilation                                            ; Off                ; Off                ;
; Enable parallel Assembler and Timing Analyzer during compilation ; On                 ; On                 ;
; Enable compact report table                                      ; Off                ; Off                ;
; Restructure Multiplexers                                         ; Auto               ; Auto               ;
; Create Debugging Nodes for IP Cores                              ; Off                ; Off                ;
; Preserve fewer node names                                        ; On                 ; On                 ;
; Intel FPGA IP Evaluation Mode                                    ; Enable             ; Enable             ;
; Verilog Version                                                  ; Verilog_2001       ; Verilog_2001       ;
; VHDL Version                                                     ; VHDL_1993          ; VHDL_1993          ;
; State Machine Processing                                         ; Auto               ; Auto               ;
; Safe State Machine                                               ; Off                ; Off                ;
; Extract Verilog State Machines                                   ; On                 ; On                 ;
; Extract VHDL State Machines                                      ; On                 ; On                 ;
; Ignore Verilog initial constructs                                ; Off                ; Off                ;
; Iteration limit for constant Verilog loops                       ; 5000               ; 5000               ;
; Iteration limit for non-constant Verilog loops                   ; 250                ; 250                ;
; Add Pass-Through Logic to Inferred RAMs                          ; On                 ; On                 ;
; Infer RAMs from Raw Logic                                        ; On                 ; On                 ;
; Parallel Synthesis                                               ; On                 ; On                 ;
; DSP Block Balancing                                              ; Auto               ; Auto               ;
; NOT Gate Push-Back                                               ; On                 ; On                 ;
; Power-Up Don't Care                                              ; On                 ; On                 ;
; Remove Redundant Logic Cells                                     ; Off                ; Off                ;
; Remove Duplicate Registers                                       ; On                 ; On                 ;
; Ignore CARRY Buffers                                             ; Off                ; Off                ;
; Ignore CASCADE Buffers                                           ; Off                ; Off                ;
; Ignore GLOBAL Buffers                                            ; Off                ; Off                ;
; Ignore ROW GLOBAL Buffers                                        ; Off                ; Off                ;
; Ignore LCELL Buffers                                             ; Off                ; Off                ;
; Ignore SOFT Buffers                                              ; On                 ; On                 ;
; Limit AHDL Integers to 32 Bits                                   ; Off                ; Off                ;
; Optimization Technique                                           ; Balanced           ; Balanced           ;
; Carry Chain Length                                               ; 70                 ; 70                 ;
; Auto Carry Chains                                                ; On                 ; On                 ;
; Auto Open-Drain Pins                                             ; On                 ; On                 ;
; Perform WYSIWYG Primitive Resynthesis                            ; Off                ; Off                ;
; Auto ROM Replacement                                             ; On                 ; On                 ;
; Auto RAM Replacement                                             ; On                 ; On                 ;
; Auto DSP Block Replacement                                       ; On                 ; On                 ;
; Auto Shift Register Replacement                                  ; Auto               ; Auto               ;
; Allow Shift Register Merging across Hierarchies                  ; Auto               ; Auto               ;
; Auto Clock Enable Replacement                                    ; On                 ; On                 ;
; Strict RAM Replacement                                           ; Off                ; Off                ;
; Allow Synchronous Control Signals                                ; On                 ; On                 ;
; Force Use of Synchronous Clear Signals                           ; Off                ; Off                ;
; Auto RAM Block Balancing                                         ; On                 ; On                 ;
; Auto RAM to Logic Cell Conversion                                ; Off                ; Off                ;
; Auto Resource Sharing                                            ; Off                ; Off                ;
; Allow Any RAM Size For Recognition                               ; Off                ; Off                ;
; Allow Any ROM Size For Recognition                               ; Off                ; Off                ;
; Allow Any Shift Register Size For Recognition                    ; Off                ; Off                ;
; Use LogicLock Constraints during Resource Balancing              ; On                 ; On                 ;
; Ignore translate_off and synthesis_off directives                ; Off                ; Off                ;
; Timing-Driven Synthesis                                          ; On                 ; On                 ;
; Report Parameter Settings                                        ; On                 ; On                 ;
; Report Source Assignments                                        ; On                 ; On                 ;
; Report Connectivity Checks                                       ; On                 ; On                 ;
; Ignore Maximum Fan-Out Assignments                               ; Off                ; Off                ;
; Synchronization Register Chain Length                            ; 2                  ; 2                  ;
; Power Optimization During Synthesis                              ; Normal compilation ; Normal compilation ;
; HDL message level                                                ; Level2             ; Level2             ;
; Suppress Register Optimization Related Messages                  ; Off                ; Off                ;
; Number of Removed Registers Reported in Synthesis Report         ; 5000               ; 5000               ;
; Number of Swept Nodes Reported in Synthesis Report               ; 5000               ; 5000               ;
; Number of Inverted Registers Reported in Synthesis Report        ; 100                ; 100                ;
; Clock MUX Protection                                             ; On                 ; On                 ;
; Auto Gated Clock Conversion                                      ; Off                ; Off                ;
; Block Design Naming                                              ; Auto               ; Auto               ;
; SDC constraint protection                                        ; Off                ; Off                ;
; Synthesis Effort                                                 ; Auto               ; Auto               ;
; Shift Register Replacement - Allow Asynchronous Clear Signal     ; On                 ; On                 ;
; Pre-Mapping Resynthesis Optimization                             ; Off                ; Off                ;
; Analysis & Synthesis Message Level                               ; Medium             ; Medium             ;
; Disable Register Merging Across Hierarchies                      ; Auto               ; Auto               ;
; Resource Aware Inference For Block RAM                           ; On                 ; On                 ;
+------------------------------------------------------------------+--------------------+--------------------+


+------------------------------------------+
; Parallel Compilation                     ;
+----------------------------+-------------+
; Processors                 ; Number      ;
+----------------------------+-------------+
; Number detected on machine ; 8           ;
; Maximum allowed            ; 4           ;
;                            ;             ;
; Average used               ; 1.00        ;
; Maximum used               ; 4           ;
;                            ;             ;
; Usage by Processor         ; % Time Used ;
;     Processor 1            ; 100.0%      ;
;     Processors 2-4         ;   0.0%      ;
+----------------------------+-------------+


+--------------------------------------------------------------------------------------------------------------------------------------------------------------------------------------+
; Analysis & Synthesis Source Files Read                                                                                                                                               ;
+----------------------------------+-----------------+----------------------------------------+------------------------------------------------------------------------------+---------+
; File Name with User-Entered Path ; Used in Netlist ; File Type                              ; File Name with Absolute Path                                                 ; Library ;
+----------------------------------+-----------------+----------------------------------------+------------------------------------------------------------------------------+---------+
; sdmodb.v                         ; yes             ; User Verilog HDL File                  ; D:/intelFPGA/18.1/Lab4/Lab4/sdmodb.v                                         ;         ;
; phacc.v                          ; yes             ; User Verilog HDL File                  ; D:/intelFPGA/18.1/Lab4/Lab4/phacc.v                                          ;         ;
; gen.v                            ; yes             ; User Verilog HDL File                  ; D:/intelFPGA/18.1/Lab4/Lab4/gen.v                                            ;         ;
; sine_rom.v                       ; yes             ; User Wizard-Generated File             ; D:/intelFPGA/18.1/Lab4/Lab4/sine_rom.v                                       ;         ;
; altsyncram.tdf                   ; yes             ; Megafunction                           ; k:/intelfpga_lite/18.1/quartus/libraries/megafunctions/altsyncram.tdf        ;         ;
; stratix_ram_block.inc            ; yes             ; Megafunction                           ; k:/intelfpga_lite/18.1/quartus/libraries/megafunctions/stratix_ram_block.inc ;         ;
; lpm_mux.inc                      ; yes             ; Megafunction                           ; k:/intelfpga_lite/18.1/quartus/libraries/megafunctions/lpm_mux.inc           ;         ;
; lpm_decode.inc                   ; yes             ; Megafunction                           ; k:/intelfpga_lite/18.1/quartus/libraries/megafunctions/lpm_decode.inc        ;         ;
; aglobal181.inc                   ; yes             ; Megafunction                           ; k:/intelfpga_lite/18.1/quartus/libraries/megafunctions/aglobal181.inc        ;         ;
; a_rdenreg.inc                    ; yes             ; Megafunction                           ; k:/intelfpga_lite/18.1/quartus/libraries/megafunctions/a_rdenreg.inc         ;         ;
; altrom.inc                       ; yes             ; Megafunction                           ; k:/intelfpga_lite/18.1/quartus/libraries/megafunctions/altrom.inc            ;         ;
; altram.inc                       ; yes             ; Megafunction                           ; k:/intelfpga_lite/18.1/quartus/libraries/megafunctions/altram.inc            ;         ;
; altdpram.inc                     ; yes             ; Megafunction                           ; k:/intelfpga_lite/18.1/quartus/libraries/megafunctions/altdpram.inc          ;         ;
; db/altsyncram_c691.tdf           ; yes             ; Auto-Generated Megafunction            ; D:/intelFPGA/18.1/Lab4/Lab4/db/altsyncram_c691.tdf                           ;         ;
; sine256.mif                      ; yes             ; Auto-Found Memory Initialization File  ; D:/intelFPGA/18.1/Lab4/Lab4/sine256.mif                                      ;         ;
+----------------------------------+-----------------+----------------------------------------+------------------------------------------------------------------------------+---------+


+---------------------------------------------------------+
; Analysis & Synthesis Resource Usage Summary             ;
+---------------------------------------------+-----------+
; Resource                                    ; Usage     ;
+---------------------------------------------+-----------+
; Estimated Total logic elements              ; 64        ;
;                                             ;           ;
; Total combinational functions               ; 39        ;
; Logic element usage by number of LUT inputs ;           ;
;     -- 4 input functions                    ; 0         ;
;     -- 3 input functions                    ; 29        ;
;     -- <=2 input functions                  ; 10        ;
;                                             ;           ;
; Logic elements by mode                      ;           ;
;     -- normal mode                          ; 5         ;
;     -- arithmetic mode                      ; 34        ;
;                                             ;           ;
; Total registers                             ; 49        ;
;     -- Dedicated logic registers            ; 49        ;
;     -- I/O registers                        ; 0         ;
;                                             ;           ;
; I/O pins                                    ; 36        ;
; Total memory bits                           ; 2048      ;
;                                             ;           ;
; Embedded Multiplier 9-bit elements          ; 0         ;
;                                             ;           ;
; Maximum fan-out node                        ; clk~input ;
; Maximum fan-out                             ; 57        ;
; Total fan-out                               ; 368       ;
; Average fan-out                             ; 2.19      ;
+---------------------------------------------+-----------+


+----------------------------------------------------------------------------------------------------------------------------------------------------------------------------------------------------------------------------------------------------------------------------------------------------+
; Analysis & Synthesis Resource Utilization by Entity                                                                                                                                                                                                                                                ;
+-------------------------------------------+---------------------+---------------------------+-------------+--------------+---------+-----------+------+--------------+--------------------------------------------------------------------------------------------+-----------------+--------------+
; Compilation Hierarchy Node                ; Combinational ALUTs ; Dedicated Logic Registers ; Memory Bits ; DSP Elements ; DSP 9x9 ; DSP 18x18 ; Pins ; Virtual Pins ; Full Hierarchy Name                                                                        ; Entity Name     ; Library Name ;
+-------------------------------------------+---------------------+---------------------------+-------------+--------------+---------+-----------+------+--------------+--------------------------------------------------------------------------------------------+-----------------+--------------+
; |gen                                      ; 39 (0)              ; 49 (8)                    ; 2048        ; 0            ; 0       ; 0         ; 36   ; 0            ; |gen                                                                                       ; gen             ; work         ;
;    |phacc:phacc_inst|                     ; 14 (14)             ; 22 (22)                   ; 0           ; 0            ; 0       ; 0         ; 0    ; 0            ; |gen|phacc:phacc_inst                                                                      ; phacc           ; work         ;
;    |sdmodb:sdmodb_inst|                   ; 25 (25)             ; 19 (19)                   ; 0           ; 0            ; 0       ; 0         ; 0    ; 0            ; |gen|sdmodb:sdmodb_inst                                                                    ; sdmodb          ; work         ;
;    |sine_rom:sine_rom_inst|               ; 0 (0)               ; 0 (0)                     ; 2048        ; 0            ; 0       ; 0         ; 0    ; 0            ; |gen|sine_rom:sine_rom_inst                                                                ; sine_rom        ; work         ;
;       |altsyncram:altsyncram_component|   ; 0 (0)               ; 0 (0)                     ; 2048        ; 0            ; 0       ; 0         ; 0    ; 0            ; |gen|sine_rom:sine_rom_inst|altsyncram:altsyncram_component                                ; altsyncram      ; work         ;
;          |altsyncram_c691:auto_generated| ; 0 (0)               ; 0 (0)                     ; 2048        ; 0            ; 0       ; 0         ; 0    ; 0            ; |gen|sine_rom:sine_rom_inst|altsyncram:altsyncram_component|altsyncram_c691:auto_generated ; altsyncram_c691 ; work         ;
+-------------------------------------------+---------------------+---------------------------+-------------+--------------+---------+-----------+------+--------------+--------------------------------------------------------------------------------------------+-----------------+--------------+
Note: For table entries with two numbers listed, the numbers in parentheses indicate the number of resources of the given type used by the specific entity alone. The numbers listed outside of parentheses indicate the total resources of the given type used by the specific entity and all of its sub-entities in the hierarchy.


+-------------------------------------------------------------------------------------------------------------------------------------------------------------------------------------------------+
; Analysis & Synthesis RAM Summary                                                                                                                                                                ;
+--------------------------------------------------------------------------------------------------+------+------+--------------+--------------+--------------+--------------+------+-------------+
; Name                                                                                             ; Type ; Mode ; Port A Depth ; Port A Width ; Port B Depth ; Port B Width ; Size ; MIF         ;
+--------------------------------------------------------------------------------------------------+------+------+--------------+--------------+--------------+--------------+------+-------------+
; sine_rom:sine_rom_inst|altsyncram:altsyncram_component|altsyncram_c691:auto_generated|ALTSYNCRAM ; AUTO ; ROM  ; 256          ; 8            ; --           ; --           ; 2048 ; sine256.mif ;
+--------------------------------------------------------------------------------------------------+------+------+--------------+--------------+--------------+--------------+------+-------------+


+---------------------------------------------------------------------------------------------------------------+
; Analysis & Synthesis IP Cores Summary                                                                         ;
+--------+--------------+---------+--------------+--------------+-----------------------------+-----------------+
; Vendor ; IP Core Name ; Version ; Release Date ; License Type ; Entity Instance             ; IP Include File ;
+--------+--------------+---------+--------------+--------------+-----------------------------+-----------------+
; Altera ; ROM: 1-PORT  ; 18.1    ; N/A          ; N/A          ; |gen|sine_rom:sine_rom_inst ; sine_rom.v      ;
+--------+--------------+---------+--------------+--------------+-----------------------------+-----------------+


+------------------------------------------------------------------------------------+
; Registers Removed During Synthesis                                                 ;
+---------------------------------------+--------------------------------------------+
; Register name                         ; Reason for Removal                         ;
+---------------------------------------+--------------------------------------------+
; sdmodb:sdmodb_inst|daco_reg[1..5]     ; Merged with sdmodb:sdmodb_inst|daco_reg[6] ;
; Total Number of Removed Registers = 5 ;                                            ;
+---------------------------------------+--------------------------------------------+


+------------------------------------------------------+
; General Register Statistics                          ;
+----------------------------------------------+-------+
; Statistic                                    ; Value ;
+----------------------------------------------+-------+
; Total registers                              ; 49    ;
; Number of registers using Synchronous Clear  ; 0     ;
; Number of registers using Synchronous Load   ; 0     ;
; Number of registers using Asynchronous Clear ; 41    ;
; Number of registers using Asynchronous Load  ; 0     ;
; Number of registers using Clock Enable       ; 16    ;
; Number of registers using Preset             ; 0     ;
+----------------------------------------------+-------+


+--------------------------------------------------------------------------------------------------------------+
; Source assignments for sine_rom:sine_rom_inst|altsyncram:altsyncram_component|altsyncram_c691:auto_generated ;
+---------------------------------+--------------------+------+------------------------------------------------+
; Assignment                      ; Value              ; From ; To                                             ;
+---------------------------------+--------------------+------+------------------------------------------------+
; OPTIMIZE_POWER_DURING_SYNTHESIS ; NORMAL_COMPILATION ; -    ; -                                              ;
+---------------------------------+--------------------+------+------------------------------------------------+


+---------------------------------------------------------------------+
; Parameter Settings for User Entity Instance: Top-level Entity: |gen ;
+----------------+-------+--------------------------------------------+
; Parameter Name ; Value ; Type                                       ;
+----------------+-------+--------------------------------------------+
; PHACC_WIDTH    ; 14    ; Signed Integer                             ;
+----------------+-------+--------------------------------------------+
Note: In order to hide this table in the UI and the text report file, please set the "Show Parameter Settings in Synthesis Report" option in "Analysis and Synthesis Settings -> More Settings" to "Off".


+---------------------------------------------------------------+
; Parameter Settings for User Entity Instance: phacc:phacc_inst ;
+----------------+-------+--------------------------------------+
; Parameter Name ; Value ; Type                                 ;
+----------------+-------+--------------------------------------+
; WIDTH          ; 14    ; Signed Integer                       ;
+----------------+-------+--------------------------------------+
Note: In order to hide this table in the UI and the text report file, please set the "Show Parameter Settings in Synthesis Report" option in "Analysis and Synthesis Settings -> More Settings" to "Off".


+-----------------------------------------------------------------------------------------------------+
; Parameter Settings for User Entity Instance: sine_rom:sine_rom_inst|altsyncram:altsyncram_component ;
+------------------------------------+----------------------+-----------------------------------------+
; Parameter Name                     ; Value                ; Type                                    ;
+------------------------------------+----------------------+-----------------------------------------+
; BYTE_SIZE_BLOCK                    ; 8                    ; Untyped                                 ;
; AUTO_CARRY_CHAINS                  ; ON                   ; AUTO_CARRY                              ;
; IGNORE_CARRY_BUFFERS               ; OFF                  ; IGNORE_CARRY                            ;
; AUTO_CASCADE_CHAINS                ; ON                   ; AUTO_CASCADE                            ;
; IGNORE_CASCADE_BUFFERS             ; OFF                  ; IGNORE_CASCADE                          ;
; WIDTH_BYTEENA                      ; 1                    ; Untyped                                 ;
; OPERATION_MODE                     ; ROM                  ; Untyped                                 ;
; WIDTH_A                            ; 8                    ; Signed Integer                          ;
; WIDTHAD_A                          ; 8                    ; Signed Integer                          ;
; NUMWORDS_A                         ; 256                  ; Signed Integer                          ;
; OUTDATA_REG_A                      ; CLOCK0               ; Untyped                                 ;
; ADDRESS_ACLR_A                     ; NONE                 ; Untyped                                 ;
; OUTDATA_ACLR_A                     ; NONE                 ; Untyped                                 ;
; WRCONTROL_ACLR_A                   ; NONE                 ; Untyped                                 ;
; INDATA_ACLR_A                      ; NONE                 ; Untyped                                 ;
; BYTEENA_ACLR_A                     ; NONE                 ; Untyped                                 ;
; WIDTH_B                            ; 1                    ; Untyped                                 ;
; WIDTHAD_B                          ; 1                    ; Untyped                                 ;
; NUMWORDS_B                         ; 1                    ; Untyped                                 ;
; INDATA_REG_B                       ; CLOCK1               ; Untyped                                 ;
; WRCONTROL_WRADDRESS_REG_B          ; CLOCK1               ; Untyped                                 ;
; RDCONTROL_REG_B                    ; CLOCK1               ; Untyped                                 ;
; ADDRESS_REG_B                      ; CLOCK1               ; Untyped                                 ;
; OUTDATA_REG_B                      ; UNREGISTERED         ; Untyped                                 ;
; BYTEENA_REG_B                      ; CLOCK1               ; Untyped                                 ;
; INDATA_ACLR_B                      ; NONE                 ; Untyped                                 ;
; WRCONTROL_ACLR_B                   ; NONE                 ; Untyped                                 ;
; ADDRESS_ACLR_B                     ; NONE                 ; Untyped                                 ;
; OUTDATA_ACLR_B                     ; NONE                 ; Untyped                                 ;
; RDCONTROL_ACLR_B                   ; NONE                 ; Untyped                                 ;
; BYTEENA_ACLR_B                     ; NONE                 ; Untyped                                 ;
; WIDTH_BYTEENA_A                    ; 1                    ; Signed Integer                          ;
; WIDTH_BYTEENA_B                    ; 1                    ; Untyped                                 ;
; RAM_BLOCK_TYPE                     ; AUTO                 ; Untyped                                 ;
; BYTE_SIZE                          ; 8                    ; Untyped                                 ;
; READ_DURING_WRITE_MODE_MIXED_PORTS ; DONT_CARE            ; Untyped                                 ;
; READ_DURING_WRITE_MODE_PORT_A      ; NEW_DATA_NO_NBE_READ ; Untyped                                 ;
; READ_DURING_WRITE_MODE_PORT_B      ; NEW_DATA_NO_NBE_READ ; Untyped                                 ;
; INIT_FILE                          ; sine256.mif          ; Untyped                                 ;
; INIT_FILE_LAYOUT                   ; PORT_A               ; Untyped                                 ;
; MAXIMUM_DEPTH                      ; 0                    ; Untyped                                 ;
; CLOCK_ENABLE_INPUT_A               ; BYPASS               ; Untyped                                 ;
; CLOCK_ENABLE_INPUT_B               ; NORMAL               ; Untyped                                 ;
; CLOCK_ENABLE_OUTPUT_A              ; BYPASS               ; Untyped                                 ;
; CLOCK_ENABLE_OUTPUT_B              ; NORMAL               ; Untyped                                 ;
; CLOCK_ENABLE_CORE_A                ; USE_INPUT_CLKEN      ; Untyped                                 ;
; CLOCK_ENABLE_CORE_B                ; USE_INPUT_CLKEN      ; Untyped                                 ;
; ENABLE_ECC                         ; FALSE                ; Untyped                                 ;
; ECC_PIPELINE_STAGE_ENABLED         ; FALSE                ; Untyped                                 ;
; WIDTH_ECCSTATUS                    ; 3                    ; Untyped                                 ;
; DEVICE_FAMILY                      ; Cyclone IV E         ; Untyped                                 ;
; CBXI_PARAMETER                     ; altsyncram_c691      ; Untyped                                 ;
+------------------------------------+----------------------+-----------------------------------------+
Note: In order to hide this table in the UI and the text report file, please set the "Show Parameter Settings in Synthesis Report" option in "Analysis and Synthesis Settings -> More Settings" to "Off".


+----------------------------------------------------------------------------------------------------+
; altsyncram Parameter Settings by Entity Instance                                                   ;
+-------------------------------------------+--------------------------------------------------------+
; Name                                      ; Value                                                  ;
+-------------------------------------------+--------------------------------------------------------+
; Number of entity instances                ; 1                                                      ;
; Entity Instance                           ; sine_rom:sine_rom_inst|altsyncram:altsyncram_component ;
;     -- OPERATION_MODE                     ; ROM                                                    ;
;     -- WIDTH_A                            ; 8                                                      ;
;     -- NUMWORDS_A                         ; 256                                                    ;
;     -- OUTDATA_REG_A                      ; CLOCK0                                                 ;
;     -- WIDTH_B                            ; 1                                                      ;
;     -- NUMWORDS_B                         ; 1                                                      ;
;     -- ADDRESS_REG_B                      ; CLOCK1                                                 ;
;     -- OUTDATA_REG_B                      ; UNREGISTERED                                           ;
;     -- RAM_BLOCK_TYPE                     ; AUTO                                                   ;
;     -- READ_DURING_WRITE_MODE_MIXED_PORTS ; DONT_CARE                                              ;
+-------------------------------------------+--------------------------------------------------------+


+-----------------------------------------------------+
; Post-Synthesis Netlist Statistics for Top Partition ;
+-----------------------+-----------------------------+
; Type                  ; Count                       ;
+-----------------------+-----------------------------+
; boundary_port         ; 36                          ;
; cycloneiii_ff         ; 49                          ;
;     CLR               ; 33                          ;
;     ENA               ; 8                           ;
;     ENA CLR           ; 8                           ;
; cycloneiii_lcell_comb ; 39                          ;
;     arith             ; 34                          ;
;         2 data inputs ; 5                           ;
;         3 data inputs ; 29                          ;
;     normal            ; 5                           ;
;         1 data inputs ; 2                           ;
;         2 data inputs ; 3                           ;
; cycloneiii_ram_block  ; 8                           ;
;                       ;                             ;
; Max LUT depth         ; 2.70                        ;
; Average LUT depth     ; 1.92                        ;
+-----------------------+-----------------------------+


+-------------------------------+
; Elapsed Time Per Partition    ;
+----------------+--------------+
; Partition Name ; Elapsed Time ;
+----------------+--------------+
; Top            ; 00:00:00     ;
+----------------+--------------+


+-------------------------------+
; Analysis & Synthesis Messages ;
+-------------------------------+
Info: *******************************************************************
Info: Running Quartus Prime Analysis & Synthesis
    Info: Version 18.1.0 Build 625 09/12/2018 SJ Lite Edition
    Info: Processing started: Mon Jan 24 22:31:54 2022
Info: Command: quartus_map --read_settings_files=on --write_settings_files=off gen -c gen
Warning (18236): Number of processors has not been specified which may cause overloading on shared machines.  Set the global assignment NUM_PARALLEL_PROCESSORS in your QSF to an appropriate value for best performance.
Info (20030): Parallel compilation is enabled and will use 4 of the 4 processors detected
Info (12021): Found 1 design units, including 1 entities, in source file sdmodb.v
    Info (12023): Found entity 1: sdmodb File: D:/intelFPGA/18.1/Lab4/Lab4/sdmodb.v Line: 3
Info (12021): Found 1 design units, including 1 entities, in source file phacc.v
    Info (12023): Found entity 1: phacc File: D:/intelFPGA/18.1/Lab4/Lab4/phacc.v Line: 3
Info (12021): Found 1 design units, including 1 entities, in source file gen.v
    Info (12023): Found entity 1: gen File: D:/intelFPGA/18.1/Lab4/Lab4/gen.v Line: 3
Info (12021): Found 1 design units, including 1 entities, in source file sine_rom.v
    Info (12023): Found entity 1: sine_rom File: D:/intelFPGA/18.1/Lab4/Lab4/sine_rom.v Line: 39
Info (12127): Elaborating entity "gen" for the top level hierarchy
Info (12128): Elaborating entity "phacc" for hierarchy "phacc:phacc_inst" File: D:/intelFPGA/18.1/Lab4/Lab4/gen.v Line: 17
Info (12128): Elaborating entity "sine_rom" for hierarchy "sine_rom:sine_rom_inst" File: D:/intelFPGA/18.1/Lab4/Lab4/gen.v Line: 18
Info (12128): Elaborating entity "altsyncram" for hierarchy "sine_rom:sine_rom_inst|altsyncram:altsyncram_component" File: D:/intelFPGA/18.1/Lab4/Lab4/sine_rom.v Line: 81
Info (12130): Elaborated megafunction instantiation "sine_rom:sine_rom_inst|altsyncram:altsyncram_component" File: D:/intelFPGA/18.1/Lab4/Lab4/sine_rom.v Line: 81
Info (12133): Instantiated megafunction "sine_rom:sine_rom_inst|altsyncram:altsyncram_component" with the following parameter: File: D:/intelFPGA/18.1/Lab4/Lab4/sine_rom.v Line: 81
    Info (12134): Parameter "address_aclr_a" = "NONE"
    Info (12134): Parameter "clock_enable_input_a" = "BYPASS"
    Info (12134): Parameter "clock_enable_output_a" = "BYPASS"
    Info (12134): Parameter "init_file" = "sine256.mif"
    Info (12134): Parameter "intended_device_family" = "Cyclone IV E"
    Info (12134): Parameter "lpm_hint" = "ENABLE_RUNTIME_MOD=NO"
    Info (12134): Parameter "lpm_type" = "altsyncram"
    Info (12134): Parameter "numwords_a" = "256"
    Info (12134): Parameter "operation_mode" = "ROM"
    Info (12134): Parameter "outdata_aclr_a" = "NONE"
    Info (12134): Parameter "outdata_reg_a" = "CLOCK0"
    Info (12134): Parameter "widthad_a" = "8"
    Info (12134): Parameter "width_a" = "8"
    Info (12134): Parameter "width_byteena_a" = "1"
Info (12021): Found 1 design units, including 1 entities, in source file db/altsyncram_c691.tdf
    Info (12023): Found entity 1: altsyncram_c691 File: D:/intelFPGA/18.1/Lab4/Lab4/db/altsyncram_c691.tdf Line: 27
Info (12128): Elaborating entity "altsyncram_c691" for hierarchy "sine_rom:sine_rom_inst|altsyncram:altsyncram_component|altsyncram_c691:auto_generated" File: k:/intelfpga_lite/18.1/quartus/libraries/megafunctions/altsyncram.tdf Line: 791
Info (12128): Elaborating entity "sdmodb" for hierarchy "sdmodb:sdmodb_inst" File: D:/intelFPGA/18.1/Lab4/Lab4/gen.v Line: 19
Warning (10230): Verilog HDL assignment warning at sdmodb.v(30): truncated value with size 32 to match size of target (8) File: D:/intelFPGA/18.1/Lab4/Lab4/sdmodb.v Line: 30
Info (286030): Timing-Driven Synthesis is running
Info (144001): Generated suppressed messages file D:/intelFPGA/18.1/Lab4/Lab4/output_files/gen.map.smsg
Info (16010): Generating hard_block partition "hard_block:auto_generated_inst"
    Info (16011): Adding 0 node(s), including 0 DDIO, 0 PLL, 0 transceiver and 0 LCELL
Warning (21074): Design contains 24 input pin(s) that do not drive logic
    Warning (15610): No output dependent on input pin "wr_data[8]" File: D:/intelFPGA/18.1/Lab4/Lab4/gen.v Line: 8
    Warning (15610): No output dependent on input pin "wr_data[9]" File: D:/intelFPGA/18.1/Lab4/Lab4/gen.v Line: 8
    Warning (15610): No output dependent on input pin "wr_data[10]" File: D:/intelFPGA/18.1/Lab4/Lab4/gen.v Line: 8
    Warning (15610): No output dependent on input pin "wr_data[11]" File: D:/intelFPGA/18.1/Lab4/Lab4/gen.v Line: 8
    Warning (15610): No output dependent on input pin "wr_data[12]" File: D:/intelFPGA/18.1/Lab4/Lab4/gen.v Line: 8
    Warning (15610): No output dependent on input pin "wr_data[13]" File: D:/intelFPGA/18.1/Lab4/Lab4/gen.v Line: 8
    Warning (15610): No output dependent on input pin "wr_data[14]" File: D:/intelFPGA/18.1/Lab4/Lab4/gen.v Line: 8
    Warning (15610): No output dependent on input pin "wr_data[15]" File: D:/intelFPGA/18.1/Lab4/Lab4/gen.v Line: 8
    Warning (15610): No output dependent on input pin "wr_data[16]" File: D:/intelFPGA/18.1/Lab4/Lab4/gen.v Line: 8
    Warning (15610): No output dependent on input pin "wr_data[17]" File: D:/intelFPGA/18.1/Lab4/Lab4/gen.v Line: 8
    Warning (15610): No output dependent on input pin "wr_data[18]" File: D:/intelFPGA/18.1/Lab4/Lab4/gen.v Line: 8
    Warning (15610): No output dependent on input pin "wr_data[19]" File: D:/intelFPGA/18.1/Lab4/Lab4/gen.v Line: 8
    Warning (15610): No output dependent on input pin "wr_data[20]" File: D:/intelFPGA/18.1/Lab4/Lab4/gen.v Line: 8
    Warning (15610): No output dependent on input pin "wr_data[21]" File: D:/intelFPGA/18.1/Lab4/Lab4/gen.v Line: 8
    Warning (15610): No output dependent on input pin "wr_data[22]" File: D:/intelFPGA/18.1/Lab4/Lab4/gen.v Line: 8
    Warning (15610): No output dependent on input pin "wr_data[23]" File: D:/intelFPGA/18.1/Lab4/Lab4/gen.v Line: 8
    Warning (15610): No output dependent on input pin "wr_data[24]" File: D:/intelFPGA/18.1/Lab4/Lab4/gen.v Line: 8
    Warning (15610): No output dependent on input pin "wr_data[25]" File: D:/intelFPGA/18.1/Lab4/Lab4/gen.v Line: 8
    Warning (15610): No output dependent on input pin "wr_data[26]" File: D:/intelFPGA/18.1/Lab4/Lab4/gen.v Line: 8
    Warning (15610): No output dependent on input pin "wr_data[27]" File: D:/intelFPGA/18.1/Lab4/Lab4/gen.v Line: 8
    Warning (15610): No output dependent on input pin "wr_data[28]" File: D:/intelFPGA/18.1/Lab4/Lab4/gen.v Line: 8
    Warning (15610): No output dependent on input pin "wr_data[29]" File: D:/intelFPGA/18.1/Lab4/Lab4/gen.v Line: 8
    Warning (15610): No output dependent on input pin "wr_data[30]" File: D:/intelFPGA/18.1/Lab4/Lab4/gen.v Line: 8
    Warning (15610): No output dependent on input pin "wr_data[31]" File: D:/intelFPGA/18.1/Lab4/Lab4/gen.v Line: 8
Info (21057): Implemented 109 device resources after synthesis - the final resource count might be different
    Info (21058): Implemented 35 input pins
    Info (21059): Implemented 1 output pins
    Info (21061): Implemented 65 logic cells
    Info (21064): Implemented 8 RAM segments
Info: Quartus Prime Analysis & Synthesis was successful. 0 errors, 27 warnings
    Info: Peak virtual memory: 4778 megabytes
    Info: Processing ended: Mon Jan 24 22:32:07 2022
    Info: Elapsed time: 00:00:13
    Info: Total CPU time (on all processors): 00:00:27


+------------------------------------------+
; Analysis & Synthesis Suppressed Messages ;
+------------------------------------------+
The suppressed messages can be found in D:/intelFPGA/18.1/Lab4/Lab4/output_files/gen.map.smsg.


